[2012-09-18 11:01:31] ERROR [java.sql.Connection (19)] : Error calling Connection.close:
java.sql.SQLException: Already closed.
	at org.apache.commons.dbcp.PoolableConnection.close(PoolableConnection.java:84)
	at org.apache.commons.dbcp.PoolingDataSource$PoolGuardConnectionWrapper.close(PoolingDataSource.java:181)
	at sun.reflect.NativeMethodAccessorImpl.invoke0(Native Method)
	at sun.reflect.NativeMethodAccessorImpl.invoke(Unknown Source)
	at sun.reflect.DelegatingMethodAccessorImpl.invoke(Unknown Source)
	at java.lang.reflect.Method.invoke(Unknown Source)
	at com.ibatis.common.jdbc.logging.ConnectionLogProxy.invoke(ConnectionLogProxy.java:68)
	at $Proxy0.close(Unknown Source)
	at com.ibatis.sqlmap.engine.transaction.jdbc.JdbcTransaction.close(JdbcTransaction.java:81)
	at com.ibatis.sqlmap.engine.transaction.TransactionManager.end(TransactionManager.java:93)
	at com.ibatis.sqlmap.engine.impl.SqlMapExecutorDelegate.endTransaction(SqlMapExecutorDelegate.java:734)
	at com.ibatis.sqlmap.engine.impl.SqlMapSessionImpl.endTransaction(SqlMapSessionImpl.java:176)
	at com.ibatis.sqlmap.engine.impl.SqlMapClientImpl.endTransaction(SqlMapClientImpl.java:153)
	at com.ibatis.sqlmap.engine.impl.SqlMapExecutorDelegate.autoEndTransaction(SqlMapExecutorDelegate.java:835)
	at com.ibatis.sqlmap.engine.impl.SqlMapExecutorDelegate.queryForList(SqlMapExecutorDelegate.java:574)
	at com.ibatis.sqlmap.engine.impl.SqlMapExecutorDelegate.queryForList(SqlMapExecutorDelegate.java:541)
	at com.ibatis.sqlmap.engine.impl.SqlMapSessionImpl.queryForList(SqlMapSessionImpl.java:118)
	at com.ibatis.sqlmap.engine.impl.SqlMapClientImpl.queryForList(SqlMapClientImpl.java:94)
	at util.DBUtil.queryForList(DBUtil.java:48)
	at alarm.AlarmThread.selectData(AlarmThread.java:103)
	at alarm.AlarmThread.run(AlarmThread.java:74)
[2012-09-18 15:07:54] ERROR [java.sql.Connection (19)] : Error calling Connection.close:
java.sql.SQLException: Already closed.
	at org.apache.commons.dbcp.PoolableConnection.close(PoolableConnection.java:84)
	at org.apache.commons.dbcp.PoolingDataSource$PoolGuardConnectionWrapper.close(PoolingDataSource.java:181)
	at sun.reflect.NativeMethodAccessorImpl.invoke0(Native Method)
	at sun.reflect.NativeMethodAccessorImpl.invoke(Unknown Source)
	at sun.reflect.DelegatingMethodAccessorImpl.invoke(Unknown Source)
	at java.lang.reflect.Method.invoke(Unknown Source)
	at com.ibatis.common.jdbc.logging.ConnectionLogProxy.invoke(ConnectionLogProxy.java:68)
	at $Proxy0.close(Unknown Source)
	at com.ibatis.sqlmap.engine.transaction.jdbc.JdbcTransaction.close(JdbcTransaction.java:81)
	at com.ibatis.sqlmap.engine.transaction.TransactionManager.end(TransactionManager.java:93)
	at com.ibatis.sqlmap.engine.impl.SqlMapExecutorDelegate.endTransaction(SqlMapExecutorDelegate.java:734)
	at com.ibatis.sqlmap.engine.impl.SqlMapSessionImpl.endTransaction(SqlMapSessionImpl.java:176)
	at com.ibatis.sqlmap.engine.impl.SqlMapClientImpl.endTransaction(SqlMapClientImpl.java:153)
	at com.ibatis.sqlmap.engine.impl.SqlMapExecutorDelegate.autoEndTransaction(SqlMapExecutorDelegate.java:835)
	at com.ibatis.sqlmap.engine.impl.SqlMapExecutorDelegate.queryForList(SqlMapExecutorDelegate.java:574)
	at com.ibatis.sqlmap.engine.impl.SqlMapExecutorDelegate.queryForList(SqlMapExecutorDelegate.java:541)
	at com.ibatis.sqlmap.engine.impl.SqlMapSessionImpl.queryForList(SqlMapSessionImpl.java:118)
	at com.ibatis.sqlmap.engine.impl.SqlMapClientImpl.queryForList(SqlMapClientImpl.java:94)
	at util.DBUtil.queryForList(DBUtil.java:48)
	at alarm.AlarmThread.selectData(AlarmThread.java:105)
	at alarm.AlarmThread.run(AlarmThread.java:76)
[2012-09-18 17:04:05] ERROR [java.sql.Connection (19)] : Error calling Connection.close:
java.sql.SQLException: Already closed.
	at org.apache.commons.dbcp.PoolableConnection.close(PoolableConnection.java:84)
	at org.apache.commons.dbcp.PoolingDataSource$PoolGuardConnectionWrapper.close(PoolingDataSource.java:181)
	at sun.reflect.NativeMethodAccessorImpl.invoke0(Native Method)
	at sun.reflect.NativeMethodAccessorImpl.invoke(Unknown Source)
	at sun.reflect.DelegatingMethodAccessorImpl.invoke(Unknown Source)
	at java.lang.reflect.Method.invoke(Unknown Source)
	at com.ibatis.common.jdbc.logging.ConnectionLogProxy.invoke(ConnectionLogProxy.java:68)
	at $Proxy0.close(Unknown Source)
	at com.ibatis.sqlmap.engine.transaction.jdbc.JdbcTransaction.close(JdbcTransaction.java:81)
	at com.ibatis.sqlmap.engine.transaction.TransactionManager.end(TransactionManager.java:93)
	at com.ibatis.sqlmap.engine.impl.SqlMapExecutorDelegate.endTransaction(SqlMapExecutorDelegate.java:734)
	at com.ibatis.sqlmap.engine.impl.SqlMapSessionImpl.endTransaction(SqlMapSessionImpl.java:176)
	at com.ibatis.sqlmap.engine.impl.SqlMapClientImpl.endTransaction(SqlMapClientImpl.java:153)
	at com.ibatis.sqlmap.engine.impl.SqlMapExecutorDelegate.autoEndTransaction(SqlMapExecutorDelegate.java:835)
	at com.ibatis.sqlmap.engine.impl.SqlMapExecutorDelegate.queryForList(SqlMapExecutorDelegate.java:574)
	at com.ibatis.sqlmap.engine.impl.SqlMapExecutorDelegate.queryForList(SqlMapExecutorDelegate.java:541)
	at com.ibatis.sqlmap.engine.impl.SqlMapSessionImpl.queryForList(SqlMapSessionImpl.java:118)
	at com.ibatis.sqlmap.engine.impl.SqlMapClientImpl.queryForList(SqlMapClientImpl.java:94)
	at util.DBUtil.queryForList(DBUtil.java:48)
	at alarm.AlarmThread.selectData(AlarmThread.java:108)
	at alarm.AlarmThread.run(AlarmThread.java:77)
[2012-09-18 17:13:12] ERROR [java.sql.Connection (19)] : Error calling Connection.close:
java.sql.SQLException: Already closed.
	at org.apache.commons.dbcp.PoolableConnection.close(PoolableConnection.java:84)
	at org.apache.commons.dbcp.PoolingDataSource$PoolGuardConnectionWrapper.close(PoolingDataSource.java:181)
	at sun.reflect.NativeMethodAccessorImpl.invoke0(Native Method)
	at sun.reflect.NativeMethodAccessorImpl.invoke(Unknown Source)
	at sun.reflect.DelegatingMethodAccessorImpl.invoke(Unknown Source)
	at java.lang.reflect.Method.invoke(Unknown Source)
	at com.ibatis.common.jdbc.logging.ConnectionLogProxy.invoke(ConnectionLogProxy.java:68)
	at $Proxy0.close(Unknown Source)
	at com.ibatis.sqlmap.engine.transaction.jdbc.JdbcTransaction.close(JdbcTransaction.java:81)
	at com.ibatis.sqlmap.engine.transaction.TransactionManager.end(TransactionManager.java:93)
	at com.ibatis.sqlmap.engine.impl.SqlMapExecutorDelegate.endTransaction(SqlMapExecutorDelegate.java:734)
	at com.ibatis.sqlmap.engine.impl.SqlMapSessionImpl.endTransaction(SqlMapSessionImpl.java:176)
	at com.ibatis.sqlmap.engine.impl.SqlMapClientImpl.endTransaction(SqlMapClientImpl.java:153)
	at com.ibatis.sqlmap.engine.impl.SqlMapExecutorDelegate.autoEndTransaction(SqlMapExecutorDelegate.java:835)
	at com.ibatis.sqlmap.engine.impl.SqlMapExecutorDelegate.queryForList(SqlMapExecutorDelegate.java:574)
	at com.ibatis.sqlmap.engine.impl.SqlMapExecutorDelegate.queryForList(SqlMapExecutorDelegate.java:541)
	at com.ibatis.sqlmap.engine.impl.SqlMapSessionImpl.queryForList(SqlMapSessionImpl.java:118)
	at com.ibatis.sqlmap.engine.impl.SqlMapClientImpl.queryForList(SqlMapClientImpl.java:94)
	at util.DBUtil.queryForList(DBUtil.java:48)
	at alarm.AlarmThread.selectData(AlarmThread.java:108)
	at alarm.AlarmThread.run(AlarmThread.java:77)
[2012-09-19 15:14:08] ERROR [java.sql.Connection (19)] : Error calling Connection.close:
java.sql.SQLException: Already closed.
	at org.apache.commons.dbcp.PoolableConnection.close(PoolableConnection.java:84)
	at org.apache.commons.dbcp.PoolingDataSource$PoolGuardConnectionWrapper.close(PoolingDataSource.java:181)
	at sun.reflect.NativeMethodAccessorImpl.invoke0(Native Method)
	at sun.reflect.NativeMethodAccessorImpl.invoke(Unknown Source)
	at sun.reflect.DelegatingMethodAccessorImpl.invoke(Unknown Source)
	at java.lang.reflect.Method.invoke(Unknown Source)
	at com.ibatis.common.jdbc.logging.ConnectionLogProxy.invoke(ConnectionLogProxy.java:68)
	at $Proxy0.close(Unknown Source)
	at com.ibatis.sqlmap.engine.transaction.jdbc.JdbcTransaction.close(JdbcTransaction.java:81)
	at com.ibatis.sqlmap.engine.transaction.TransactionManager.end(TransactionManager.java:93)
	at com.ibatis.sqlmap.engine.impl.SqlMapExecutorDelegate.endTransaction(SqlMapExecutorDelegate.java:734)
	at com.ibatis.sqlmap.engine.impl.SqlMapSessionImpl.endTransaction(SqlMapSessionImpl.java:176)
	at com.ibatis.sqlmap.engine.impl.SqlMapClientImpl.endTransaction(SqlMapClientImpl.java:153)
	at com.ibatis.sqlmap.engine.impl.SqlMapExecutorDelegate.autoEndTransaction(SqlMapExecutorDelegate.java:835)
	at com.ibatis.sqlmap.engine.impl.SqlMapExecutorDelegate.queryForList(SqlMapExecutorDelegate.java:574)
	at com.ibatis.sqlmap.engine.impl.SqlMapExecutorDelegate.queryForList(SqlMapExecutorDelegate.java:541)
	at com.ibatis.sqlmap.engine.impl.SqlMapSessionImpl.queryForList(SqlMapSessionImpl.java:118)
	at com.ibatis.sqlmap.engine.impl.SqlMapClientImpl.queryForList(SqlMapClientImpl.java:94)
	at util.DBUtil.queryForList(DBUtil.java:48)
	at alarm.AlarmThread.selectDateByIbatis(AlarmThread.java:94)
	at alarm.AlarmThread.run(AlarmThread.java:49)
[2012-09-19 15:19:29] ERROR [java.sql.Connection (19)] : Error calling Connection.close:
java.sql.SQLException: Already closed.
	at org.apache.commons.dbcp.PoolableConnection.close(PoolableConnection.java:84)
	at org.apache.commons.dbcp.PoolingDataSource$PoolGuardConnectionWrapper.close(PoolingDataSource.java:181)
	at sun.reflect.NativeMethodAccessorImpl.invoke0(Native Method)
	at sun.reflect.NativeMethodAccessorImpl.invoke(Unknown Source)
	at sun.reflect.DelegatingMethodAccessorImpl.invoke(Unknown Source)
	at java.lang.reflect.Method.invoke(Unknown Source)
	at com.ibatis.common.jdbc.logging.ConnectionLogProxy.invoke(ConnectionLogProxy.java:68)
	at $Proxy0.close(Unknown Source)
	at com.ibatis.sqlmap.engine.transaction.jdbc.JdbcTransaction.close(JdbcTransaction.java:81)
	at com.ibatis.sqlmap.engine.transaction.TransactionManager.end(TransactionManager.java:93)
	at com.ibatis.sqlmap.engine.impl.SqlMapExecutorDelegate.endTransaction(SqlMapExecutorDelegate.java:734)
	at com.ibatis.sqlmap.engine.impl.SqlMapSessionImpl.endTransaction(SqlMapSessionImpl.java:176)
	at com.ibatis.sqlmap.engine.impl.SqlMapClientImpl.endTransaction(SqlMapClientImpl.java:153)
	at com.ibatis.sqlmap.engine.impl.SqlMapExecutorDelegate.autoEndTransaction(SqlMapExecutorDelegate.java:835)
	at com.ibatis.sqlmap.engine.impl.SqlMapExecutorDelegate.queryForList(SqlMapExecutorDelegate.java:574)
	at com.ibatis.sqlmap.engine.impl.SqlMapExecutorDelegate.queryForList(SqlMapExecutorDelegate.java:541)
	at com.ibatis.sqlmap.engine.impl.SqlMapSessionImpl.queryForList(SqlMapSessionImpl.java:118)
	at com.ibatis.sqlmap.engine.impl.SqlMapClientImpl.queryForList(SqlMapClientImpl.java:94)
	at util.DBUtil.queryForList(DBUtil.java:48)
	at alarm.AlarmThread.selectDateByIbatis(AlarmThread.java:94)
	at alarm.AlarmThread.run(AlarmThread.java:49)
[2012-09-19 15:12:02] ERROR [java.sql.Connection (19)] : Error calling Connection.close:
java.sql.SQLException: Already closed.
	at org.apache.commons.dbcp.PoolableConnection.close(PoolableConnection.java:84)
	at org.apache.commons.dbcp.PoolingDataSource$PoolGuardConnectionWrapper.close(PoolingDataSource.java:181)
	at sun.reflect.NativeMethodAccessorImpl.invoke0(Native Method)
	at sun.reflect.NativeMethodAccessorImpl.invoke(Unknown Source)
	at sun.reflect.DelegatingMethodAccessorImpl.invoke(Unknown Source)
	at java.lang.reflect.Method.invoke(Unknown Source)
	at com.ibatis.common.jdbc.logging.ConnectionLogProxy.invoke(ConnectionLogProxy.java:68)
	at $Proxy0.close(Unknown Source)
	at com.ibatis.sqlmap.engine.transaction.jdbc.JdbcTransaction.close(JdbcTransaction.java:81)
	at com.ibatis.sqlmap.engine.transaction.TransactionManager.end(TransactionManager.java:93)
	at com.ibatis.sqlmap.engine.impl.SqlMapExecutorDelegate.endTransaction(SqlMapExecutorDelegate.java:734)
	at com.ibatis.sqlmap.engine.impl.SqlMapSessionImpl.endTransaction(SqlMapSessionImpl.java:176)
	at com.ibatis.sqlmap.engine.impl.SqlMapClientImpl.endTransaction(SqlMapClientImpl.java:153)
	at com.ibatis.sqlmap.engine.impl.SqlMapExecutorDelegate.autoEndTransaction(SqlMapExecutorDelegate.java:835)
	at com.ibatis.sqlmap.engine.impl.SqlMapExecutorDelegate.queryForList(SqlMapExecutorDelegate.java:574)
	at com.ibatis.sqlmap.engine.impl.SqlMapExecutorDelegate.queryForList(SqlMapExecutorDelegate.java:541)
	at com.ibatis.sqlmap.engine.impl.SqlMapSessionImpl.queryForList(SqlMapSessionImpl.java:118)
	at com.ibatis.sqlmap.engine.impl.SqlMapClientImpl.queryForList(SqlMapClientImpl.java:94)
	at util.DBUtil.queryForList(DBUtil.java:48)
	at alarm.AlarmThread.selectDateByIbatis(AlarmThread.java:94)
	at alarm.AlarmThread.run(AlarmThread.java:49)
[2012-09-18 15:01:27] ERROR [java.sql.Connection (19)] : Error calling Connection.close:
java.sql.SQLException: Already closed.
	at org.apache.commons.dbcp.PoolableConnection.close(PoolableConnection.java:84)
	at org.apache.commons.dbcp.PoolingDataSource$PoolGuardConnectionWrapper.close(PoolingDataSource.java:181)
	at sun.reflect.NativeMethodAccessorImpl.invoke0(Native Method)
	at sun.reflect.NativeMethodAccessorImpl.invoke(Unknown Source)
	at sun.reflect.DelegatingMethodAccessorImpl.invoke(Unknown Source)
	at java.lang.reflect.Method.invoke(Unknown Source)
	at com.ibatis.common.jdbc.logging.ConnectionLogProxy.invoke(ConnectionLogProxy.java:68)
	at $Proxy0.close(Unknown Source)
	at com.ibatis.sqlmap.engine.transaction.jdbc.JdbcTransaction.close(JdbcTransaction.java:81)
	at com.ibatis.sqlmap.engine.transaction.TransactionManager.end(TransactionManager.java:93)
	at com.ibatis.sqlmap.engine.impl.SqlMapExecutorDelegate.endTransaction(SqlMapExecutorDelegate.java:734)
	at com.ibatis.sqlmap.engine.impl.SqlMapSessionImpl.endTransaction(SqlMapSessionImpl.java:176)
	at com.ibatis.sqlmap.engine.impl.SqlMapClientImpl.endTransaction(SqlMapClientImpl.java:153)
	at com.ibatis.sqlmap.engine.impl.SqlMapExecutorDelegate.autoEndTransaction(SqlMapExecutorDelegate.java:835)
	at com.ibatis.sqlmap.engine.impl.SqlMapExecutorDelegate.queryForList(SqlMapExecutorDelegate.java:574)
	at com.ibatis.sqlmap.engine.impl.SqlMapExecutorDelegate.queryForList(SqlMapExecutorDelegate.java:541)
	at com.ibatis.sqlmap.engine.impl.SqlMapSessionImpl.queryForList(SqlMapSessionImpl.java:118)
	at com.ibatis.sqlmap.engine.impl.SqlMapClientImpl.queryForList(SqlMapClientImpl.java:94)
	at util.DBUtil.queryForList(DBUtil.java:48)
	at alarm.AlarmThread.selectDateByIbatis(AlarmThread.java:94)
	at alarm.AlarmThread.run(AlarmThread.java:49)
